I, [2015-12-28T18:38:49.423091 #10959]  INFO -- : Started GET "/videos" for 127.0.0.1 at 2015-12-28 18:38:49 +0700
I, [2015-12-28T18:38:49.445930 #10959]  INFO -- : Processing by VideosController#index as HTML
I, [2015-12-28T18:38:49.474414 #10959]  INFO -- :   Rendered videos/index.html.slim within layouts/application (15.4ms)
I, [2015-12-28T18:38:49.478797 #10959]  INFO -- : Completed 200 OK in 33ms (Views: 20.7ms | ActiveRecord: 1.3ms)
I, [2015-12-28T18:38:49.546657 #10959]  INFO -- : Started GET "/stylesheets/application.css" for 127.0.0.1 at 2015-12-28 18:38:49 +0700
F, [2015-12-28T18:38:49.549793 #10959] FATAL -- : 
ActionController::RoutingError (No route matches [GET] "/stylesheets/application.css"):
  actionpack (4.1.8) lib/action_dispatch/middleware/debug_exceptions.rb:21:in `call'
  actionpack (4.1.8) lib/action_dispatch/middleware/show_exceptions.rb:30:in `call'
  railties (4.1.8) lib/rails/rack/logger.rb:38:in `call_app'
  railties (4.1.8) lib/rails/rack/logger.rb:20:in `block in call'
  activesupport (4.1.8) lib/active_support/tagged_logging.rb:68:in `block in tagged'
  activesupport (4.1.8) lib/active_support/tagged_logging.rb:26:in `tagged'
  activesupport (4.1.8) lib/active_support/tagged_logging.rb:68:in `tagged'
  railties (4.1.8) lib/rails/rack/logger.rb:20:in `call'
  request_store (1.1.0) lib/request_store/middleware.rb:8:in `call'
  actionpack (4.1.8) lib/action_dispatch/middleware/request_id.rb:21:in `call'
  rack (1.5.5) lib/rack/methodoverride.rb:21:in `call'
  rack (1.5.5) lib/rack/runtime.rb:17:in `call'
  activesupport (4.1.8) lib/active_support/cache/strategy/local_cache_middleware.rb:26:in `call'
  actionpack (4.1.8) lib/action_dispatch/middleware/static.rb:84:in `call'
  rack (1.5.5) lib/rack/sendfile.rb:112:in `call'
  railties (4.1.8) lib/rails/engine.rb:514:in `call'
  railties (4.1.8) lib/rails/application.rb:144:in `call'
  rack (1.5.5) lib/rack/content_length.rb:14:in `call'
  thin (1.6.3) lib/thin/connection.rb:86:in `block in pre_process'
  thin (1.6.3) lib/thin/connection.rb:84:in `catch'
  thin (1.6.3) lib/thin/connection.rb:84:in `pre_process'
  thin (1.6.3) lib/thin/connection.rb:53:in `process'
  thin (1.6.3) lib/thin/connection.rb:39:in `receive_data'
  eventmachine (1.0.7) lib/eventmachine.rb:187:in `run_machine'
  eventmachine (1.0.7) lib/eventmachine.rb:187:in `run'
  thin (1.6.3) lib/thin/backends/base.rb:73:in `start'
  thin (1.6.3) lib/thin/server.rb:162:in `start'
  rack (1.5.5) lib/rack/handler/thin.rb:16:in `run'
  rack (1.5.5) lib/rack/server.rb:264:in `start'
  railties (4.1.8) lib/rails/commands/server.rb:69:in `start'
  railties (4.1.8) lib/rails/commands/commands_tasks.rb:81:in `block in server'
  railties (4.1.8) lib/rails/commands/commands_tasks.rb:76:in `tap'
  railties (4.1.8) lib/rails/commands/commands_tasks.rb:76:in `server'
  railties (4.1.8) lib/rails/commands/commands_tasks.rb:40:in `run_command!'
  railties (4.1.8) lib/rails/commands.rb:17:in `<top (required)>'
  bin/rails:9:in `require'
  bin/rails:9:in `<top (required)>'
  spring (1.6.0) lib/spring/client/rails.rb:28:in `load'
  spring (1.6.0) lib/spring/client/rails.rb:28:in `call'
  spring (1.6.0) lib/spring/client/command.rb:7:in `call'
  spring (1.6.0) lib/spring/client.rb:28:in `run'
  spring (1.6.0) bin/spring:51:in `<top (required)>'
  spring (1.6.0) lib/spring/binstub.rb:11:in `load'
  spring (1.6.0) lib/spring/binstub.rb:11:in `<top (required)>'
  bin/spring:13:in `require'
  bin/spring:13:in `<top (required)>'
  bin/rails:3:in `load'
  bin/rails:3:in `<main>'


I, [2015-12-28T18:38:49.551115 #10959]  INFO -- : Started GET "/javascripts/application.js" for 127.0.0.1 at 2015-12-28 18:38:49 +0700
F, [2015-12-28T18:38:49.553794 #10959] FATAL -- : 
ActionController::RoutingError (No route matches [GET] "/javascripts/application.js"):
  actionpack (4.1.8) lib/action_dispatch/middleware/debug_exceptions.rb:21:in `call'
  actionpack (4.1.8) lib/action_dispatch/middleware/show_exceptions.rb:30:in `call'
  railties (4.1.8) lib/rails/rack/logger.rb:38:in `call_app'
  railties (4.1.8) lib/rails/rack/logger.rb:20:in `block in call'
  activesupport (4.1.8) lib/active_support/tagged_logging.rb:68:in `block in tagged'
  activesupport (4.1.8) lib/active_support/tagged_logging.rb:26:in `tagged'
  activesupport (4.1.8) lib/active_support/tagged_logging.rb:68:in `tagged'
  railties (4.1.8) lib/rails/rack/logger.rb:20:in `call'
  request_store (1.1.0) lib/request_store/middleware.rb:8:in `call'
  actionpack (4.1.8) lib/action_dispatch/middleware/request_id.rb:21:in `call'
  rack (1.5.5) lib/rack/methodoverride.rb:21:in `call'
  rack (1.5.5) lib/rack/runtime.rb:17:in `call'
  activesupport (4.1.8) lib/active_support/cache/strategy/local_cache_middleware.rb:26:in `call'
  actionpack (4.1.8) lib/action_dispatch/middleware/static.rb:84:in `call'
  rack (1.5.5) lib/rack/sendfile.rb:112:in `call'
  railties (4.1.8) lib/rails/engine.rb:514:in `call'
  railties (4.1.8) lib/rails/application.rb:144:in `call'
  rack (1.5.5) lib/rack/content_length.rb:14:in `call'
  thin (1.6.3) lib/thin/connection.rb:86:in `block in pre_process'
  thin (1.6.3) lib/thin/connection.rb:84:in `catch'
  thin (1.6.3) lib/thin/connection.rb:84:in `pre_process'
  thin (1.6.3) lib/thin/connection.rb:53:in `process'
  thin (1.6.3) lib/thin/connection.rb:39:in `receive_data'
  eventmachine (1.0.7) lib/eventmachine.rb:187:in `run_machine'
  eventmachine (1.0.7) lib/eventmachine.rb:187:in `run'
  thin (1.6.3) lib/thin/backends/base.rb:73:in `start'
  thin (1.6.3) lib/thin/server.rb:162:in `start'
  rack (1.5.5) lib/rack/handler/thin.rb:16:in `run'
  rack (1.5.5) lib/rack/server.rb:264:in `start'
  railties (4.1.8) lib/rails/commands/server.rb:69:in `start'
  railties (4.1.8) lib/rails/commands/commands_tasks.rb:81:in `block in server'
  railties (4.1.8) lib/rails/commands/commands_tasks.rb:76:in `tap'
  railties (4.1.8) lib/rails/commands/commands_tasks.rb:76:in `server'
  railties (4.1.8) lib/rails/commands/commands_tasks.rb:40:in `run_command!'
  railties (4.1.8) lib/rails/commands.rb:17:in `<top (required)>'
  bin/rails:9:in `require'
  bin/rails:9:in `<top (required)>'
  spring (1.6.0) lib/spring/client/rails.rb:28:in `load'
  spring (1.6.0) lib/spring/client/rails.rb:28:in `call'
  spring (1.6.0) lib/spring/client/command.rb:7:in `call'
  spring (1.6.0) lib/spring/client.rb:28:in `run'
  spring (1.6.0) bin/spring:51:in `<top (required)>'
  spring (1.6.0) lib/spring/binstub.rb:11:in `load'
  spring (1.6.0) lib/spring/binstub.rb:11:in `<top (required)>'
  bin/spring:13:in `require'
  bin/spring:13:in `<top (required)>'
  bin/rails:3:in `load'
  bin/rails:3:in `<main>'


I, [2015-12-28T18:38:55.309032 #10959]  INFO -- : Started GET "/videos" for 127.0.0.1 at 2015-12-28 18:38:55 +0700
I, [2015-12-28T18:38:55.310014 #10959]  INFO -- : Processing by VideosController#index as HTML
I, [2015-12-28T18:38:55.312677 #10959]  INFO -- :   Rendered videos/index.html.slim within layouts/application (1.7ms)
I, [2015-12-28T18:38:55.313774 #10959]  INFO -- : Completed 200 OK in 4ms (Views: 2.7ms | ActiveRecord: 0.4ms)
I, [2015-12-28T18:38:55.381821 #10959]  INFO -- : Started GET "/stylesheets/application.css" for 127.0.0.1 at 2015-12-28 18:38:55 +0700
F, [2015-12-28T18:38:55.384081 #10959] FATAL -- : 
ActionController::RoutingError (No route matches [GET] "/stylesheets/application.css"):
  actionpack (4.1.8) lib/action_dispatch/middleware/debug_exceptions.rb:21:in `call'
  actionpack (4.1.8) lib/action_dispatch/middleware/show_exceptions.rb:30:in `call'
  railties (4.1.8) lib/rails/rack/logger.rb:38:in `call_app'
  railties (4.1.8) lib/rails/rack/logger.rb:20:in `block in call'
  activesupport (4.1.8) lib/active_support/tagged_logging.rb:68:in `block in tagged'
  activesupport (4.1.8) lib/active_support/tagged_logging.rb:26:in `tagged'
  activesupport (4.1.8) lib/active_support/tagged_logging.rb:68:in `tagged'
  railties (4.1.8) lib/rails/rack/logger.rb:20:in `call'
  request_store (1.1.0) lib/request_store/middleware.rb:8:in `call'
  actionpack (4.1.8) lib/action_dispatch/middleware/request_id.rb:21:in `call'
  rack (1.5.5) lib/rack/methodoverride.rb:21:in `call'
  rack (1.5.5) lib/rack/runtime.rb:17:in `call'
  activesupport (4.1.8) lib/active_support/cache/strategy/local_cache_middleware.rb:26:in `call'
  actionpack (4.1.8) lib/action_dispatch/middleware/static.rb:84:in `call'
  rack (1.5.5) lib/rack/sendfile.rb:112:in `call'
  railties (4.1.8) lib/rails/engine.rb:514:in `call'
  railties (4.1.8) lib/rails/application.rb:144:in `call'
  rack (1.5.5) lib/rack/content_length.rb:14:in `call'
  thin (1.6.3) lib/thin/connection.rb:86:in `block in pre_process'
  thin (1.6.3) lib/thin/connection.rb:84:in `catch'
  thin (1.6.3) lib/thin/connection.rb:84:in `pre_process'
  thin (1.6.3) lib/thin/connection.rb:53:in `process'
  thin (1.6.3) lib/thin/connection.rb:39:in `receive_data'
  eventmachine (1.0.7) lib/eventmachine.rb:187:in `run_machine'
  eventmachine (1.0.7) lib/eventmachine.rb:187:in `run'
  thin (1.6.3) lib/thin/backends/base.rb:73:in `start'
  thin (1.6.3) lib/thin/server.rb:162:in `start'
  rack (1.5.5) lib/rack/handler/thin.rb:16:in `run'
  rack (1.5.5) lib/rack/server.rb:264:in `start'
  railties (4.1.8) lib/rails/commands/server.rb:69:in `start'
  railties (4.1.8) lib/rails/commands/commands_tasks.rb:81:in `block in server'
  railties (4.1.8) lib/rails/commands/commands_tasks.rb:76:in `tap'
  railties (4.1.8) lib/rails/commands/commands_tasks.rb:76:in `server'
  railties (4.1.8) lib/rails/commands/commands_tasks.rb:40:in `run_command!'
  railties (4.1.8) lib/rails/commands.rb:17:in `<top (required)>'
  bin/rails:9:in `require'
  bin/rails:9:in `<top (required)>'
  spring (1.6.0) lib/spring/client/rails.rb:28:in `load'
  spring (1.6.0) lib/spring/client/rails.rb:28:in `call'
  spring (1.6.0) lib/spring/client/command.rb:7:in `call'
  spring (1.6.0) lib/spring/client.rb:28:in `run'
  spring (1.6.0) bin/spring:51:in `<top (required)>'
  spring (1.6.0) lib/spring/binstub.rb:11:in `load'
  spring (1.6.0) lib/spring/binstub.rb:11:in `<top (required)>'
  bin/spring:13:in `require'
  bin/spring:13:in `<top (required)>'
  bin/rails:3:in `load'
  bin/rails:3:in `<main>'


I, [2015-12-28T18:38:55.384948 #10959]  INFO -- : Started GET "/javascripts/application.js" for 127.0.0.1 at 2015-12-28 18:38:55 +0700
F, [2015-12-28T18:38:55.387224 #10959] FATAL -- : 
ActionController::RoutingError (No route matches [GET] "/javascripts/application.js"):
  actionpack (4.1.8) lib/action_dispatch/middleware/debug_exceptions.rb:21:in `call'
  actionpack (4.1.8) lib/action_dispatch/middleware/show_exceptions.rb:30:in `call'
  railties (4.1.8) lib/rails/rack/logger.rb:38:in `call_app'
  railties (4.1.8) lib/rails/rack/logger.rb:20:in `block in call'
  activesupport (4.1.8) lib/active_support/tagged_logging.rb:68:in `block in tagged'
  activesupport (4.1.8) lib/active_support/tagged_logging.rb:26:in `tagged'
  activesupport (4.1.8) lib/active_support/tagged_logging.rb:68:in `tagged'
  railties (4.1.8) lib/rails/rack/logger.rb:20:in `call'
  request_store (1.1.0) lib/request_store/middleware.rb:8:in `call'
  actionpack (4.1.8) lib/action_dispatch/middleware/request_id.rb:21:in `call'
  rack (1.5.5) lib/rack/methodoverride.rb:21:in `call'
  rack (1.5.5) lib/rack/runtime.rb:17:in `call'
  activesupport (4.1.8) lib/active_support/cache/strategy/local_cache_middleware.rb:26:in `call'
  actionpack (4.1.8) lib/action_dispatch/middleware/static.rb:84:in `call'
  rack (1.5.5) lib/rack/sendfile.rb:112:in `call'
  railties (4.1.8) lib/rails/engine.rb:514:in `call'
  railties (4.1.8) lib/rails/application.rb:144:in `call'
  rack (1.5.5) lib/rack/content_length.rb:14:in `call'
  thin (1.6.3) lib/thin/connection.rb:86:in `block in pre_process'
  thin (1.6.3) lib/thin/connection.rb:84:in `catch'
  thin (1.6.3) lib/thin/connection.rb:84:in `pre_process'
  thin (1.6.3) lib/thin/connection.rb:53:in `process'
  thin (1.6.3) lib/thin/connection.rb:39:in `receive_data'
  eventmachine (1.0.7) lib/eventmachine.rb:187:in `run_machine'
  eventmachine (1.0.7) lib/eventmachine.rb:187:in `run'
  thin (1.6.3) lib/thin/backends/base.rb:73:in `start'
  thin (1.6.3) lib/thin/server.rb:162:in `start'
  rack (1.5.5) lib/rack/handler/thin.rb:16:in `run'
  rack (1.5.5) lib/rack/server.rb:264:in `start'
  railties (4.1.8) lib/rails/commands/server.rb:69:in `start'
  railties (4.1.8) lib/rails/commands/commands_tasks.rb:81:in `block in server'
  railties (4.1.8) lib/rails/commands/commands_tasks.rb:76:in `tap'
  railties (4.1.8) lib/rails/commands/commands_tasks.rb:76:in `server'
  railties (4.1.8) lib/rails/commands/commands_tasks.rb:40:in `run_command!'
  railties (4.1.8) lib/rails/commands.rb:17:in `<top (required)>'
  bin/rails:9:in `require'
  bin/rails:9:in `<top (required)>'
  spring (1.6.0) lib/spring/client/rails.rb:28:in `load'
  spring (1.6.0) lib/spring/client/rails.rb:28:in `call'
  spring (1.6.0) lib/spring/client/command.rb:7:in `call'
  spring (1.6.0) lib/spring/client.rb:28:in `run'
  spring (1.6.0) bin/spring:51:in `<top (required)>'
  spring (1.6.0) lib/spring/binstub.rb:11:in `load'
  spring (1.6.0) lib/spring/binstub.rb:11:in `<top (required)>'
  bin/spring:13:in `require'
  bin/spring:13:in `<top (required)>'
  bin/rails:3:in `load'
  bin/rails:3:in `<main>'


I, [2015-12-28T18:39:01.267435 #10959]  INFO -- : Started GET "/show_playlist" for 127.0.0.1 at 2015-12-28 18:39:01 +0700
I, [2015-12-28T18:39:01.269592 #10959]  INFO -- : Processing by VideosController#show_playlist as HTML
I, [2015-12-28T18:39:01.279910 #10959]  INFO -- :   Rendered videos/show_playlist.html.slim within layouts/application (7.3ms)
I, [2015-12-28T18:39:01.280479 #10959]  INFO -- : Completed 200 OK in 11ms (Views: 8.8ms | ActiveRecord: 0.3ms)
I, [2015-12-28T18:39:01.360117 #10959]  INFO -- : Started GET "/stylesheets/application.css" for 127.0.0.1 at 2015-12-28 18:39:01 +0700
F, [2015-12-28T18:39:01.362417 #10959] FATAL -- : 
ActionController::RoutingError (No route matches [GET] "/stylesheets/application.css"):
  actionpack (4.1.8) lib/action_dispatch/middleware/debug_exceptions.rb:21:in `call'
  actionpack (4.1.8) lib/action_dispatch/middleware/show_exceptions.rb:30:in `call'
  railties (4.1.8) lib/rails/rack/logger.rb:38:in `call_app'
  railties (4.1.8) lib/rails/rack/logger.rb:20:in `block in call'
  activesupport (4.1.8) lib/active_support/tagged_logging.rb:68:in `block in tagged'
  activesupport (4.1.8) lib/active_support/tagged_logging.rb:26:in `tagged'
  activesupport (4.1.8) lib/active_support/tagged_logging.rb:68:in `tagged'
  railties (4.1.8) lib/rails/rack/logger.rb:20:in `call'
  request_store (1.1.0) lib/request_store/middleware.rb:8:in `call'
  actionpack (4.1.8) lib/action_dispatch/middleware/request_id.rb:21:in `call'
  rack (1.5.5) lib/rack/methodoverride.rb:21:in `call'
  rack (1.5.5) lib/rack/runtime.rb:17:in `call'
  activesupport (4.1.8) lib/active_support/cache/strategy/local_cache_middleware.rb:26:in `call'
  actionpack (4.1.8) lib/action_dispatch/middleware/static.rb:84:in `call'
  rack (1.5.5) lib/rack/sendfile.rb:112:in `call'
  railties (4.1.8) lib/rails/engine.rb:514:in `call'
  railties (4.1.8) lib/rails/application.rb:144:in `call'
  rack (1.5.5) lib/rack/content_length.rb:14:in `call'
  thin (1.6.3) lib/thin/connection.rb:86:in `block in pre_process'
  thin (1.6.3) lib/thin/connection.rb:84:in `catch'
  thin (1.6.3) lib/thin/connection.rb:84:in `pre_process'
  thin (1.6.3) lib/thin/connection.rb:53:in `process'
  thin (1.6.3) lib/thin/connection.rb:39:in `receive_data'
  eventmachine (1.0.7) lib/eventmachine.rb:187:in `run_machine'
  eventmachine (1.0.7) lib/eventmachine.rb:187:in `run'
  thin (1.6.3) lib/thin/backends/base.rb:73:in `start'
  thin (1.6.3) lib/thin/server.rb:162:in `start'
  rack (1.5.5) lib/rack/handler/thin.rb:16:in `run'
  rack (1.5.5) lib/rack/server.rb:264:in `start'
  railties (4.1.8) lib/rails/commands/server.rb:69:in `start'
  railties (4.1.8) lib/rails/commands/commands_tasks.rb:81:in `block in server'
  railties (4.1.8) lib/rails/commands/commands_tasks.rb:76:in `tap'
  railties (4.1.8) lib/rails/commands/commands_tasks.rb:76:in `server'
  railties (4.1.8) lib/rails/commands/commands_tasks.rb:40:in `run_command!'
  railties (4.1.8) lib/rails/commands.rb:17:in `<top (required)>'
  bin/rails:9:in `require'
  bin/rails:9:in `<top (required)>'
  spring (1.6.0) lib/spring/client/rails.rb:28:in `load'
  spring (1.6.0) lib/spring/client/rails.rb:28:in `call'
  spring (1.6.0) lib/spring/client/command.rb:7:in `call'
  spring (1.6.0) lib/spring/client.rb:28:in `run'
  spring (1.6.0) bin/spring:51:in `<top (required)>'
  spring (1.6.0) lib/spring/binstub.rb:11:in `load'
  spring (1.6.0) lib/spring/binstub.rb:11:in `<top (required)>'
  bin/spring:13:in `require'
  bin/spring:13:in `<top (required)>'
  bin/rails:3:in `load'
  bin/rails:3:in `<main>'


I, [2015-12-28T18:39:01.363199 #10959]  INFO -- : Started GET "/javascripts/application.js" for 127.0.0.1 at 2015-12-28 18:39:01 +0700
F, [2015-12-28T18:39:01.365232 #10959] FATAL -- : 
ActionController::RoutingError (No route matches [GET] "/javascripts/application.js"):
  actionpack (4.1.8) lib/action_dispatch/middleware/debug_exceptions.rb:21:in `call'
  actionpack (4.1.8) lib/action_dispatch/middleware/show_exceptions.rb:30:in `call'
  railties (4.1.8) lib/rails/rack/logger.rb:38:in `call_app'
  railties (4.1.8) lib/rails/rack/logger.rb:20:in `block in call'
  activesupport (4.1.8) lib/active_support/tagged_logging.rb:68:in `block in tagged'
  activesupport (4.1.8) lib/active_support/tagged_logging.rb:26:in `tagged'
  activesupport (4.1.8) lib/active_support/tagged_logging.rb:68:in `tagged'
  railties (4.1.8) lib/rails/rack/logger.rb:20:in `call'
  request_store (1.1.0) lib/request_store/middleware.rb:8:in `call'
  actionpack (4.1.8) lib/action_dispatch/middleware/request_id.rb:21:in `call'
  rack (1.5.5) lib/rack/methodoverride.rb:21:in `call'
  rack (1.5.5) lib/rack/runtime.rb:17:in `call'
  activesupport (4.1.8) lib/active_support/cache/strategy/local_cache_middleware.rb:26:in `call'
  actionpack (4.1.8) lib/action_dispatch/middleware/static.rb:84:in `call'
  rack (1.5.5) lib/rack/sendfile.rb:112:in `call'
  railties (4.1.8) lib/rails/engine.rb:514:in `call'
  railties (4.1.8) lib/rails/application.rb:144:in `call'
  rack (1.5.5) lib/rack/content_length.rb:14:in `call'
  thin (1.6.3) lib/thin/connection.rb:86:in `block in pre_process'
  thin (1.6.3) lib/thin/connection.rb:84:in `catch'
  thin (1.6.3) lib/thin/connection.rb:84:in `pre_process'
  thin (1.6.3) lib/thin/connection.rb:53:in `process'
  thin (1.6.3) lib/thin/connection.rb:39:in `receive_data'
  eventmachine (1.0.7) lib/eventmachine.rb:187:in `run_machine'
  eventmachine (1.0.7) lib/eventmachine.rb:187:in `run'
  thin (1.6.3) lib/thin/backends/base.rb:73:in `start'
  thin (1.6.3) lib/thin/server.rb:162:in `start'
  rack (1.5.5) lib/rack/handler/thin.rb:16:in `run'
  rack (1.5.5) lib/rack/server.rb:264:in `start'
  railties (4.1.8) lib/rails/commands/server.rb:69:in `start'
  railties (4.1.8) lib/rails/commands/commands_tasks.rb:81:in `block in server'
  railties (4.1.8) lib/rails/commands/commands_tasks.rb:76:in `tap'
  railties (4.1.8) lib/rails/commands/commands_tasks.rb:76:in `server'
  railties (4.1.8) lib/rails/commands/commands_tasks.rb:40:in `run_command!'
  railties (4.1.8) lib/rails/commands.rb:17:in `<top (required)>'
  bin/rails:9:in `require'
  bin/rails:9:in `<top (required)>'
  spring (1.6.0) lib/spring/client/rails.rb:28:in `load'
  spring (1.6.0) lib/spring/client/rails.rb:28:in `call'
  spring (1.6.0) lib/spring/client/command.rb:7:in `call'
  spring (1.6.0) lib/spring/client.rb:28:in `run'
  spring (1.6.0) bin/spring:51:in `<top (required)>'
  spring (1.6.0) lib/spring/binstub.rb:11:in `load'
  spring (1.6.0) lib/spring/binstub.rb:11:in `<top (required)>'
  bin/spring:13:in `require'
  bin/spring:13:in `<top (required)>'
  bin/rails:3:in `load'
  bin/rails:3:in `<main>'


I, [2015-12-28T18:39:01.385278 #10959]  INFO -- : Started GET "/javascripts/show_playlist.js" for 127.0.0.1 at 2015-12-28 18:39:01 +0700
F, [2015-12-28T18:39:01.387385 #10959] FATAL -- : 
ActionController::RoutingError (No route matches [GET] "/javascripts/show_playlist.js"):
  actionpack (4.1.8) lib/action_dispatch/middleware/debug_exceptions.rb:21:in `call'
  actionpack (4.1.8) lib/action_dispatch/middleware/show_exceptions.rb:30:in `call'
  railties (4.1.8) lib/rails/rack/logger.rb:38:in `call_app'
  railties (4.1.8) lib/rails/rack/logger.rb:20:in `block in call'
  activesupport (4.1.8) lib/active_support/tagged_logging.rb:68:in `block in tagged'
  activesupport (4.1.8) lib/active_support/tagged_logging.rb:26:in `tagged'
  activesupport (4.1.8) lib/active_support/tagged_logging.rb:68:in `tagged'
  railties (4.1.8) lib/rails/rack/logger.rb:20:in `call'
  request_store (1.1.0) lib/request_store/middleware.rb:8:in `call'
  actionpack (4.1.8) lib/action_dispatch/middleware/request_id.rb:21:in `call'
  rack (1.5.5) lib/rack/methodoverride.rb:21:in `call'
  rack (1.5.5) lib/rack/runtime.rb:17:in `call'
  activesupport (4.1.8) lib/active_support/cache/strategy/local_cache_middleware.rb:26:in `call'
  actionpack (4.1.8) lib/action_dispatch/middleware/static.rb:84:in `call'
  rack (1.5.5) lib/rack/sendfile.rb:112:in `call'
  railties (4.1.8) lib/rails/engine.rb:514:in `call'
  railties (4.1.8) lib/rails/application.rb:144:in `call'
  rack (1.5.5) lib/rack/content_length.rb:14:in `call'
  thin (1.6.3) lib/thin/connection.rb:86:in `block in pre_process'
  thin (1.6.3) lib/thin/connection.rb:84:in `catch'
  thin (1.6.3) lib/thin/connection.rb:84:in `pre_process'
  thin (1.6.3) lib/thin/connection.rb:53:in `process'
  thin (1.6.3) lib/thin/connection.rb:39:in `receive_data'
  eventmachine (1.0.7) lib/eventmachine.rb:187:in `run_machine'
  eventmachine (1.0.7) lib/eventmachine.rb:187:in `run'
  thin (1.6.3) lib/thin/backends/base.rb:73:in `start'
  thin (1.6.3) lib/thin/server.rb:162:in `start'
  rack (1.5.5) lib/rack/handler/thin.rb:16:in `run'
  rack (1.5.5) lib/rack/server.rb:264:in `start'
  railties (4.1.8) lib/rails/commands/server.rb:69:in `start'
  railties (4.1.8) lib/rails/commands/commands_tasks.rb:81:in `block in server'
  railties (4.1.8) lib/rails/commands/commands_tasks.rb:76:in `tap'
  railties (4.1.8) lib/rails/commands/commands_tasks.rb:76:in `server'
  railties (4.1.8) lib/rails/commands/commands_tasks.rb:40:in `run_command!'
  railties (4.1.8) lib/rails/commands.rb:17:in `<top (required)>'
  bin/rails:9:in `require'
  bin/rails:9:in `<top (required)>'
  spring (1.6.0) lib/spring/client/rails.rb:28:in `load'
  spring (1.6.0) lib/spring/client/rails.rb:28:in `call'
  spring (1.6.0) lib/spring/client/command.rb:7:in `call'
  spring (1.6.0) lib/spring/client.rb:28:in `run'
  spring (1.6.0) bin/spring:51:in `<top (required)>'
  spring (1.6.0) lib/spring/binstub.rb:11:in `load'
  spring (1.6.0) lib/spring/binstub.rb:11:in `<top (required)>'
  bin/spring:13:in `require'
  bin/spring:13:in `<top (required)>'
  bin/rails:3:in `load'
  bin/rails:3:in `<main>'


I, [2015-12-28T18:39:04.985545 #10959]  INFO -- : Started GET "/videos" for 127.0.0.1 at 2015-12-28 18:39:04 +0700
I, [2015-12-28T18:39:04.986926 #10959]  INFO -- : Processing by VideosController#index as HTML
I, [2015-12-28T18:39:04.989628 #10959]  INFO -- :   Rendered videos/index.html.slim within layouts/application (1.4ms)
I, [2015-12-28T18:39:04.990513 #10959]  INFO -- : Completed 200 OK in 3ms (Views: 2.2ms | ActiveRecord: 0.4ms)
I, [2015-12-28T18:39:05.059847 #10959]  INFO -- : Started GET "/stylesheets/application.css" for 127.0.0.1 at 2015-12-28 18:39:05 +0700
F, [2015-12-28T18:39:05.062220 #10959] FATAL -- : 
ActionController::RoutingError (No route matches [GET] "/stylesheets/application.css"):
  actionpack (4.1.8) lib/action_dispatch/middleware/debug_exceptions.rb:21:in `call'
  actionpack (4.1.8) lib/action_dispatch/middleware/show_exceptions.rb:30:in `call'
  railties (4.1.8) lib/rails/rack/logger.rb:38:in `call_app'
  railties (4.1.8) lib/rails/rack/logger.rb:20:in `block in call'
  activesupport (4.1.8) lib/active_support/tagged_logging.rb:68:in `block in tagged'
  activesupport (4.1.8) lib/active_support/tagged_logging.rb:26:in `tagged'
  activesupport (4.1.8) lib/active_support/tagged_logging.rb:68:in `tagged'
  railties (4.1.8) lib/rails/rack/logger.rb:20:in `call'
  request_store (1.1.0) lib/request_store/middleware.rb:8:in `call'
  actionpack (4.1.8) lib/action_dispatch/middleware/request_id.rb:21:in `call'
  rack (1.5.5) lib/rack/methodoverride.rb:21:in `call'
  rack (1.5.5) lib/rack/runtime.rb:17:in `call'
  activesupport (4.1.8) lib/active_support/cache/strategy/local_cache_middleware.rb:26:in `call'
  actionpack (4.1.8) lib/action_dispatch/middleware/static.rb:84:in `call'
  rack (1.5.5) lib/rack/sendfile.rb:112:in `call'
  railties (4.1.8) lib/rails/engine.rb:514:in `call'
  railties (4.1.8) lib/rails/application.rb:144:in `call'
  rack (1.5.5) lib/rack/content_length.rb:14:in `call'
  thin (1.6.3) lib/thin/connection.rb:86:in `block in pre_process'
  thin (1.6.3) lib/thin/connection.rb:84:in `catch'
  thin (1.6.3) lib/thin/connection.rb:84:in `pre_process'
  thin (1.6.3) lib/thin/connection.rb:53:in `process'
  thin (1.6.3) lib/thin/connection.rb:39:in `receive_data'
  eventmachine (1.0.7) lib/eventmachine.rb:187:in `run_machine'
  eventmachine (1.0.7) lib/eventmachine.rb:187:in `run'
  thin (1.6.3) lib/thin/backends/base.rb:73:in `start'
  thin (1.6.3) lib/thin/server.rb:162:in `start'
  rack (1.5.5) lib/rack/handler/thin.rb:16:in `run'
  rack (1.5.5) lib/rack/server.rb:264:in `start'
  railties (4.1.8) lib/rails/commands/server.rb:69:in `start'
  railties (4.1.8) lib/rails/commands/commands_tasks.rb:81:in `block in server'
  railties (4.1.8) lib/rails/commands/commands_tasks.rb:76:in `tap'
  railties (4.1.8) lib/rails/commands/commands_tasks.rb:76:in `server'
  railties (4.1.8) lib/rails/commands/commands_tasks.rb:40:in `run_command!'
  railties (4.1.8) lib/rails/commands.rb:17:in `<top (required)>'
  bin/rails:9:in `require'
  bin/rails:9:in `<top (required)>'
  spring (1.6.0) lib/spring/client/rails.rb:28:in `load'
  spring (1.6.0) lib/spring/client/rails.rb:28:in `call'
  spring (1.6.0) lib/spring/client/command.rb:7:in `call'
  spring (1.6.0) lib/spring/client.rb:28:in `run'
  spring (1.6.0) bin/spring:51:in `<top (required)>'
  spring (1.6.0) lib/spring/binstub.rb:11:in `load'
  spring (1.6.0) lib/spring/binstub.rb:11:in `<top (required)>'
  bin/spring:13:in `require'
  bin/spring:13:in `<top (required)>'
  bin/rails:3:in `load'
  bin/rails:3:in `<main>'


I, [2015-12-28T18:39:05.063707 #10959]  INFO -- : Started GET "/javascripts/application.js" for 127.0.0.1 at 2015-12-28 18:39:05 +0700
F, [2015-12-28T18:39:05.065887 #10959] FATAL -- : 
ActionController::RoutingError (No route matches [GET] "/javascripts/application.js"):
  actionpack (4.1.8) lib/action_dispatch/middleware/debug_exceptions.rb:21:in `call'
  actionpack (4.1.8) lib/action_dispatch/middleware/show_exceptions.rb:30:in `call'
  railties (4.1.8) lib/rails/rack/logger.rb:38:in `call_app'
  railties (4.1.8) lib/rails/rack/logger.rb:20:in `block in call'
  activesupport (4.1.8) lib/active_support/tagged_logging.rb:68:in `block in tagged'
  activesupport (4.1.8) lib/active_support/tagged_logging.rb:26:in `tagged'
  activesupport (4.1.8) lib/active_support/tagged_logging.rb:68:in `tagged'
  railties (4.1.8) lib/rails/rack/logger.rb:20:in `call'
  request_store (1.1.0) lib/request_store/middleware.rb:8:in `call'
  actionpack (4.1.8) lib/action_dispatch/middleware/request_id.rb:21:in `call'
  rack (1.5.5) lib/rack/methodoverride.rb:21:in `call'
  rack (1.5.5) lib/rack/runtime.rb:17:in `call'
  activesupport (4.1.8) lib/active_support/cache/strategy/local_cache_middleware.rb:26:in `call'
  actionpack (4.1.8) lib/action_dispatch/middleware/static.rb:84:in `call'
  rack (1.5.5) lib/rack/sendfile.rb:112:in `call'
  railties (4.1.8) lib/rails/engine.rb:514:in `call'
  railties (4.1.8) lib/rails/application.rb:144:in `call'
  rack (1.5.5) lib/rack/content_length.rb:14:in `call'
  thin (1.6.3) lib/thin/connection.rb:86:in `block in pre_process'
  thin (1.6.3) lib/thin/connection.rb:84:in `catch'
  thin (1.6.3) lib/thin/connection.rb:84:in `pre_process'
  thin (1.6.3) lib/thin/connection.rb:53:in `process'
  thin (1.6.3) lib/thin/connection.rb:39:in `receive_data'
  eventmachine (1.0.7) lib/eventmachine.rb:187:in `run_machine'
  eventmachine (1.0.7) lib/eventmachine.rb:187:in `run'
  thin (1.6.3) lib/thin/backends/base.rb:73:in `start'
  thin (1.6.3) lib/thin/server.rb:162:in `start'
  rack (1.5.5) lib/rack/handler/thin.rb:16:in `run'
  rack (1.5.5) lib/rack/server.rb:264:in `start'
  railties (4.1.8) lib/rails/commands/server.rb:69:in `start'
  railties (4.1.8) lib/rails/commands/commands_tasks.rb:81:in `block in server'
  railties (4.1.8) lib/rails/commands/commands_tasks.rb:76:in `tap'
  railties (4.1.8) lib/rails/commands/commands_tasks.rb:76:in `server'
  railties (4.1.8) lib/rails/commands/commands_tasks.rb:40:in `run_command!'
  railties (4.1.8) lib/rails/commands.rb:17:in `<top (required)>'
  bin/rails:9:in `require'
  bin/rails:9:in `<top (required)>'
  spring (1.6.0) lib/spring/client/rails.rb:28:in `load'
  spring (1.6.0) lib/spring/client/rails.rb:28:in `call'
  spring (1.6.0) lib/spring/client/command.rb:7:in `call'
  spring (1.6.0) lib/spring/client.rb:28:in `run'
  spring (1.6.0) bin/spring:51:in `<top (required)>'
  spring (1.6.0) lib/spring/binstub.rb:11:in `load'
  spring (1.6.0) lib/spring/binstub.rb:11:in `<top (required)>'
  bin/spring:13:in `require'
  bin/spring:13:in `<top (required)>'
  bin/rails:3:in `load'
  bin/rails:3:in `<main>'


